{
  "RSpec": {
    "coverage": {
      "C:/Files/Dropbox/Projects/Codility-Challenges/spec/Lesson 10 Prime And Composite Numbers/MinPerimeterRectangle/min_perimeter_rectangle_spec.rb": [
        1,
        null,
        1,
        null,
        1,
        1,
        1,
        null,
        null,
        null,
        1,
        1,
        1,
        1,
        null,
        null,
        null,
        1,
        1,
        1,
        null,
        null,
        null,
        1,
        1,
        1,
        null,
        null,
        null,
        1,
        1,
        1,
        null,
        null,
        null,
        1,
        1,
        1,
        null,
        null,
        null,
        null,
        1,
        1,
        1,
        1,
        null,
        null,
        null,
        null
      ],
      "C:/Files/Dropbox/Projects/Codility-Challenges/lib/Lesson 10 Prime And Composite Numbers/MinPerimeterRectangle/min_perimeter_rectangle.rb": [
        1,
        7,
        null,
        7,
        4565757,
        117,
        null,
        117,
        null,
        null,
        null,
        7,
        null
      ]
    },
    "timestamp": 1510047750
  }
}
