{
  "RSpec": {
    "coverage": {
      "C:/Files/Dropbox/Projects/Codility-Challenges/spec/Lesson 7 Stacks And Queues/Fish/fish_spec.rb": [
        1,
        null,
        1,
        1,
        1,
        1,
        null,
        null,
        null,
        1,
        1,
        1,
        1,
        null,
        null,
        1,
        1,
        null,
        null,
        1,
        1,
        null,
        null,
        1,
        1,
        null,
        null,
        1,
        1,
        null,
        null,
        1,
        1,
        null,
        null,
        null,
        1,
        1,
        1,
        null,
        null,
        null,
        null
      ],
      "C:/Files/Dropbox/Projects/Codility-Challenges/lib/Lesson 7 Stacks And Queues/Fish/fish.rb": [
        1,
        8,
        15,
        null,
        15,
        44,
        23,
        7,
        5,
        5,
        2,
        2,
        2,
        null,
        0,
        null,
        null,
        null,
        null,
        null,
        15,
        null,
        null,
        8,
        null
      ]
    },
    "timestamp": 1512491063
  }
}
